<?xml version="1.0" encoding="UTF-8"?>
<!-- Generated by org.testng.reporters.JUnitReportReporter -->
<testsuite hostname="Akshats-MacBook-Pro.local" name="curbside.curbside.SmartCurb" tests="1" failures="0" timestamp="23 Nov 2015 01:44:00 GMT" time="12.933" errors="0">
  <testcase name="setup" time="12.933" classname="curbside.curbside.SmartCurb"/>
</testsuite> <!-- curbside.curbside.SmartCurb -->
