<?xml version="1.0" encoding="UTF-8"?>
<!-- Generated by org.testng.reporters.JUnitReportReporter -->
<testsuite hostname="Akshats-MacBook-Pro.local" name="curbside.curbside.CurbSidePageObject" tests="1" failures="0" timestamp="23 Nov 2015 07:29:11 GMT" time="64.138" errors="0">
  <testcase name="getJobs" time="64.138" classname="curbside.curbside.CurbSidePageObject"/>
</testsuite> <!-- curbside.curbside.CurbSidePageObject -->
