<?xml version="1.0" encoding="UTF-8"?>
<!-- Generated by org.testng.reporters.JUnitReportReporter -->
<testsuite hostname="Akshats-MacBook-Pro.local" name="curbside.curbside.CurbSidePageObject" tests="1" failures="0" timestamp="22 Nov 2015 21:32:32 GMT" time="80.303" errors="0">
  <testcase name="getJobs" time="80.303" classname="curbside.curbside.CurbSidePageObject"/>
</testsuite> <!-- curbside.curbside.CurbSidePageObject -->
