<?xml version="1.0" encoding="UTF-8"?>
<!-- Generated by org.testng.reporters.JUnitReportReporter -->
<testsuite hostname="Akshats-MacBook-Pro.local" name="curbside.curbside.CurbSidePageObject" tests="1" failures="0" timestamp="23 Nov 2015 01:44:00 GMT" time="206.607" errors="0">
  <testcase name="getJobs" time="206.607" classname="curbside.curbside.CurbSidePageObject"/>
</testsuite> <!-- curbside.curbside.CurbSidePageObject -->
