<?xml version="1.0" encoding="UTF-8"?>
<!-- Generated by org.testng.reporters.JUnitReportReporter -->
<testsuite hostname="Akshats-MacBook-Pro.local" name="curbside.curbside.SmartCurb" tests="1" failures="0" timestamp="23 Nov 2015 07:29:11 GMT" time="32.327" errors="0">
  <testcase name="setup" time="32.327" classname="curbside.curbside.SmartCurb"/>
</testsuite> <!-- curbside.curbside.SmartCurb -->
