<?xml version="1.0" encoding="UTF-8"?>
<!-- Generated by org.testng.reporters.JUnitReportReporter -->
<testsuite hostname="Akshats-MacBook-Pro.local" name="curbside.curbside.SmartCurb" tests="1" failures="0" timestamp="22 Nov 2015 21:34:55 GMT" time="17.452" errors="0">
  <testcase name="setup" time="17.452" classname="curbside.curbside.SmartCurb"/>
</testsuite> <!-- curbside.curbside.SmartCurb -->
